version https://git-lfs.github.com/spec/v1
oid sha256:7f98c10edf52d9334179f808c471af5743cc51b36bde06399ec75a14eed45ff4
size 5337
