version https://git-lfs.github.com/spec/v1
oid sha256:931b1d217f49486259910f3714c403d42f661228e5c208526cea24bffa470839
size 5734
