version https://git-lfs.github.com/spec/v1
oid sha256:392dc7bdf7e6cb485f02c3aba3b82e2575d72ae8119a147e9fd2e9eb5c1bd7ea
size 5335
