version https://git-lfs.github.com/spec/v1
oid sha256:7af080db820fc5b075924e1fc1818073bb002cd26775a1e2e4e392a3b328b62a
size 5295
