version https://git-lfs.github.com/spec/v1
oid sha256:4562759391bfeeebf350fa6f11e13e375ba37728067478e10f47e315653578e8
size 5315
