version https://git-lfs.github.com/spec/v1
oid sha256:212abf83391f16097e91554ff41b817cbbcaea1465e362540f426bb8c7616fee
size 5294
