version https://git-lfs.github.com/spec/v1
oid sha256:63efe5af0038f032d1d69a37e2f2cd94c328319ca8a05b8f6bc605a4fb1b8c46
size 5314
