version https://git-lfs.github.com/spec/v1
oid sha256:98904054249bd340b3b9e1d0401218c9eafd1465ed46a113f5b8bbe0ad86489f
size 5293
