version https://git-lfs.github.com/spec/v1
oid sha256:42bffa1ddcb4b2f52c1690ba9c405f6df1c273183ba8b7210d0a06f1ba2620b9
size 6098
