version https://git-lfs.github.com/spec/v1
oid sha256:a774108e4472a55e5897fe8c672301b01870d719a2b5ee4e40d8389e5fcedba7
size 5847
