version https://git-lfs.github.com/spec/v1
oid sha256:d28a3551da60b69cfef67843621836ebaeb65ecd89ed344a0c39843cbacf0277
size 5299
