version https://git-lfs.github.com/spec/v1
oid sha256:0287f4e8c4cf4f55ad16421f05c5ba24a17b0a6fe60e9cb174518cfe59ed203a
size 17777
