version https://git-lfs.github.com/spec/v1
oid sha256:8a7924652f7c985bd5313dadbb202ef4fe082f6a38450759deca498686512dcf
size 5295
