version https://git-lfs.github.com/spec/v1
oid sha256:9d1ddd07ea5ac4fbf4df55f968fdfcd424a34e9c55a22ed6a2770f804b60e762
size 5884
