version https://git-lfs.github.com/spec/v1
oid sha256:7287d20b6f1547ad9354f1ea30657edb8a622933b5072c44f8ff54aa2c93abc8
size 5324
