version https://git-lfs.github.com/spec/v1
oid sha256:23762404112e31075ac006d067609e48ff2da0dea71039cb541a264a4958f1e9
size 5297
