version https://git-lfs.github.com/spec/v1
oid sha256:fe0237e21bb82284940645a1a5af96617999c2f6d20e4c4a1cdc2d53005e341c
size 5732
