version https://git-lfs.github.com/spec/v1
oid sha256:e908b27af976383a90bed0694e52e13340e72fe94481d1ffa6b3229877ff14af
size 5295
