version https://git-lfs.github.com/spec/v1
oid sha256:5b92595f8e4f606f37219afad0ddf1a43e266ce7fcfcd7d80413190097fe4e56
size 5740
