version https://git-lfs.github.com/spec/v1
oid sha256:f990a1f152bc1e892da2795f14bcce37d6124bda0310c12a2e675b21ab22dd9d
size 5298
