version https://git-lfs.github.com/spec/v1
oid sha256:f5a370b2f3fde99f19c00bca5270ec133bac75432ea188e73981370f88447c09
size 5296
