version https://git-lfs.github.com/spec/v1
oid sha256:16fe6a49062f5c642e345d207771b7e761b68ad78a829c7a9ba7674da4fbd34c
size 5298
