version https://git-lfs.github.com/spec/v1
oid sha256:c8705679d715dc3076ab96fff28f719b7f435f31ae83974375cf0622506c482b
size 5292
