version https://git-lfs.github.com/spec/v1
oid sha256:c721ab4fe2d1a360c2d5ba4a784cbb5d0d9265d9d7b39c905c5ae3bffa47ae42
size 5297
