version https://git-lfs.github.com/spec/v1
oid sha256:677f9964ecde90d4060d0691100db3b5fadd1f52b0c2e2ff63317704345e6f03
size 5718
