version https://git-lfs.github.com/spec/v1
oid sha256:68ed0415c9aea8ecb1e70f053a6f2cb35be66822f96593ec0ec6272c8537d72e
size 5293
