version https://git-lfs.github.com/spec/v1
oid sha256:3e81e44cc698479b4d8ed2f28b8b401e28326a0ff155a461346b667e83473ed0
size 5720
