version https://git-lfs.github.com/spec/v1
oid sha256:9ed5d40f7aa4062119632a501e16707435e0c4f3eb8c1628e2a7c022859f1fcf
size 5302
