version https://git-lfs.github.com/spec/v1
oid sha256:c7a13dbfdbdca21d6332eb87c3b6dc9c884d8a53d492b8db94fac2bcb1d048db
size 5334
