version https://git-lfs.github.com/spec/v1
oid sha256:7bf57d6366517a2eb3b89380034620a278b2b6084e633baef75054dc711e29a1
size 5297
