version https://git-lfs.github.com/spec/v1
oid sha256:03677ef8dd95999257e37b355d2b9e14f6be5ef4a63d0008940c42d2716a42ab
size 5295
