version https://git-lfs.github.com/spec/v1
oid sha256:99cda4f5b234dd1225320e13f2f4c547ec1e72ebe6c684a2282fcb8466da5904
size 5293
