version https://git-lfs.github.com/spec/v1
oid sha256:52866c20a0f723bf95435ca0c582ea44ffd9431cf09b7275dce6673f11ecf25e
size 5305
