version https://git-lfs.github.com/spec/v1
oid sha256:cf14f8f543755d7cf1d808aa87ede9a35c36b9d517fcda52fba84765b40939f1
size 5294
