version https://git-lfs.github.com/spec/v1
oid sha256:538b098c9e711dac777b26e735db9c17affbc9b051dc485ddf4b2a5ff5d2f8b5
size 5295
