version https://git-lfs.github.com/spec/v1
oid sha256:848aa83465863d25ca5d7d7c64381b6bd359dfa12224b30b6155700f77d9091d
size 5614
