version https://git-lfs.github.com/spec/v1
oid sha256:bc690fa76a14aa45a0fa2ec4abeadb2514d5edad712a64c5f573edc0e4c1d770
size 5734
