version https://git-lfs.github.com/spec/v1
oid sha256:eddc5901be66e247be1723b3c8f987538d8732f4a8e5b02d7aedcade0c866749
size 5717
