version https://git-lfs.github.com/spec/v1
oid sha256:2c887e5f717f2e13ff296a032f18df9615885d2021384aa5f65aeb74e7c5d9d7
size 5298
