version https://git-lfs.github.com/spec/v1
oid sha256:4c8eeefa019ff145c86127271625bedb63f6efd8c38dc1d7f4f88ce474adcf77
size 6091
