version https://git-lfs.github.com/spec/v1
oid sha256:5d08ab45127879a6e345dc92c6408beaa094219ef38197a8840b5304b4eb6ba6
size 5297
