version https://git-lfs.github.com/spec/v1
oid sha256:019acc513bd4a6c0ac11eb534840c49a48c72c2a46a9f778d30b08cfdb1f4005
size 5297
