version https://git-lfs.github.com/spec/v1
oid sha256:24666832a28cfcc0ddcf9f5cf1964afe8cffc6527d0312e6055e95b090357320
size 5298
