version https://git-lfs.github.com/spec/v1
oid sha256:e4deddf4ad43e0b50fc4ab78402ce71788aa3b6377dfbf8d81b02ac4883a1d50
size 5302
