version https://git-lfs.github.com/spec/v1
oid sha256:aa202917e84ab79b9c3d76059827322d072c7ed7b0db68680e3de398383afd8a
size 5342
