version https://git-lfs.github.com/spec/v1
oid sha256:b7262422d38776502253335df57de0398e7de886379f488ced93eae12b6fe36c
size 5295
