version https://git-lfs.github.com/spec/v1
oid sha256:ea8a5d16448f8c27b9035345c0c0397407a59ee1f8942da43e380040da1bac5e
size 5327
