version https://git-lfs.github.com/spec/v1
oid sha256:214a986874f03f7efbc23482e48cc743ca969220cd77c46d8aa5b6b7f240130c
size 5299
