version https://git-lfs.github.com/spec/v1
oid sha256:b9f8d03b2bbab3f9b634ec52cff1355f7754204a6326969d0cc4cdc41173942d
size 5733
