version https://git-lfs.github.com/spec/v1
oid sha256:3d9450a8794a0a39db9c447e0ea5dc5f3ea5dd9a1a6a21789d6c9671e580b83f
size 6118
