version https://git-lfs.github.com/spec/v1
oid sha256:48f3f9cfefa975c916a07bcd35f1858db4244c0af8bc088ce69f925ed197d1e9
size 5736
