version https://git-lfs.github.com/spec/v1
oid sha256:c3e808577d1969567755f40dc8a8adfde4e844e7d17c6a5dcca0cd16726af593
size 5298
